102.02.05 12:53 B C:\Documents and Settings\Lijun Yin\My Documents\Temp\kingimage\ChildFrm.cpp <-- shanghai.fortune.binghamton.edu /home/jyao/kingimage ChildFrm.cpp
102.02.05 12:53 B C:\Documents and Settings\Lijun Yin\My Documents\Temp\kingimage\ChildFrm.h <-- shanghai.fortune.binghamton.edu /home/jyao/kingimage ChildFrm.h
102.02.05 12:53 B C:\Documents and Settings\Lijun Yin\My Documents\Temp\kingimage\KINGGIF.cpp <-- shanghai.fortune.binghamton.edu /home/jyao/kingimage KINGGIF.cpp
102.02.05 12:53 B C:\Documents and Settings\Lijun Yin\My Documents\Temp\kingimage\KINGGIF.h <-- shanghai.fortune.binghamton.edu /home/jyao/kingimage KINGGIF.h
102.02.05 12:53 B C:\Documents and Settings\Lijun Yin\My Documents\Temp\kingimage\KINGPCX.h <-- shanghai.fortune.binghamton.edu /home/jyao/kingimage KINGPCX.h
102.02.05 12:53 B C:\Documents and Settings\Lijun Yin\My Documents\Temp\kingimage\Kingbmp.cpp <-- shanghai.fortune.binghamton.edu /home/jyao/kingimage Kingbmp.cpp
102.02.05 12:53 B C:\Documents and Settings\Lijun Yin\My Documents\Temp\kingimage\Kingjpg.cpp <-- shanghai.fortune.binghamton.edu /home/jyao/kingimage Kingjpg.cpp
102.02.05 12:53 B C:\Documents and Settings\Lijun Yin\My Documents\Temp\kingimage\Kingjpg.h <-- shanghai.fortune.binghamton.edu /home/jyao/kingimage Kingjpg.h
102.02.05 12:53 B C:\Documents and Settings\Lijun Yin\My Documents\Temp\kingimage\Kingpcx.cpp <-- shanghai.fortune.binghamton.edu /home/jyao/kingimage Kingpcx.cpp
102.02.05 12:53 B C:\Documents and Settings\Lijun Yin\My Documents\Temp\kingimage\MainFrm.cpp <-- shanghai.fortune.binghamton.edu /home/jyao/kingimage MainFrm.cpp
102.02.05 12:53 B C:\Documents and Settings\Lijun Yin\My Documents\Temp\kingimage\MainFrm.h <-- shanghai.fortune.binghamton.edu /home/jyao/kingimage MainFrm.h
102.02.05 12:53 B C:\Documents and Settings\Lijun Yin\My Documents\Temp\kingimage\ReadMe.txt <-- shanghai.fortune.binghamton.edu /home/jyao/kingimage ReadMe.txt
102.02.05 12:53 B C:\Documents and Settings\Lijun Yin\My Documents\Temp\kingimage\Resource.h <-- shanghai.fortune.binghamton.edu /home/jyao/kingimage Resource.h
102.02.05 12:53 B C:\Documents and Settings\Lijun Yin\My Documents\Temp\kingimage\StdAfx.cpp <-- shanghai.fortune.binghamton.edu /home/jyao/kingimage StdAfx.cpp
102.02.05 12:53 B C:\Documents and Settings\Lijun Yin\My Documents\Temp\kingimage\StdAfx.h <-- shanghai.fortune.binghamton.edu /home/jyao/kingimage StdAfx.h
102.02.05 12:53 B C:\Documents and Settings\Lijun Yin\My Documents\Temp\kingimage\dd.c <-- shanghai.fortune.binghamton.edu /home/jyao/kingimage dd.c
102.02.05 12:53 B C:\Documents and Settings\Lijun Yin\My Documents\Temp\kingimage\dd.cpp <-- shanghai.fortune.binghamton.edu /home/jyao/kingimage dd.cpp
102.02.05 12:53 B C:\Documents and Settings\Lijun Yin\My Documents\Temp\kingimage\gg.cpp <-- shanghai.fortune.binghamton.edu /home/jyao/kingimage gg.cpp
102.02.05 12:53 B C:\Documents and Settings\Lijun Yin\My Documents\Temp\kingimage\kingbmp.h <-- shanghai.fortune.binghamton.edu /home/jyao/kingimage kingbmp.h
102.02.05 12:53 B C:\Documents and Settings\Lijun Yin\My Documents\Temp\kingimage\kingdefine.h <-- shanghai.fortune.binghamton.edu /home/jyao/kingimage kingdefine.h
102.02.05 12:53 B C:\Documents and Settings\Lijun Yin\My Documents\Temp\kingimage\kingimage.001 <-- shanghai.fortune.binghamton.edu /home/jyao/kingimage kingimage.001
102.02.05 12:53 B C:\Documents and Settings\Lijun Yin\My Documents\Temp\kingimage\kingimage.aps <-- shanghai.fortune.binghamton.edu /home/jyao/kingimage kingimage.aps
102.02.05 12:53 B C:\Documents and Settings\Lijun Yin\My Documents\Temp\kingimage\kingimage.clw <-- shanghai.fortune.binghamton.edu /home/jyao/kingimage kingimage.clw
102.02.05 12:53 B C:\Documents and Settings\Lijun Yin\My Documents\Temp\kingimage\kingimage.cpp <-- shanghai.fortune.binghamton.edu /home/jyao/kingimage kingimage.cpp
102.02.05 12:53 B C:\Documents and Settings\Lijun Yin\My Documents\Temp\kingimage\kingimage.dsp <-- shanghai.fortune.binghamton.edu /home/jyao/kingimage kingimage.dsp
102.02.05 12:53 B C:\Documents and Settings\Lijun Yin\My Documents\Temp\kingimage\kingimage.dsw <-- shanghai.fortune.binghamton.edu /home/jyao/kingimage kingimage.dsw
102.02.05 12:53 B C:\Documents and Settings\Lijun Yin\My Documents\Temp\kingimage\kingimage.h <-- shanghai.fortune.binghamton.edu /home/jyao/kingimage kingimage.h
102.02.05 12:53 B C:\Documents and Settings\Lijun Yin\My Documents\Temp\kingimage\kingimage.ncb <-- shanghai.fortune.binghamton.edu /home/jyao/kingimage kingimage.ncb
102.02.05 12:53 B C:\Documents and Settings\Lijun Yin\My Documents\Temp\kingimage\kingimage.opt <-- shanghai.fortune.binghamton.edu /home/jyao/kingimage kingimage.opt
102.02.05 12:53 B C:\Documents and Settings\Lijun Yin\My Documents\Temp\kingimage\kingimage.plg <-- shanghai.fortune.binghamton.edu /home/jyao/kingimage kingimage.plg
102.02.05 12:53 B C:\Documents and Settings\Lijun Yin\My Documents\Temp\kingimage\kingimage.rc <-- shanghai.fortune.binghamton.edu /home/jyao/kingimage kingimage.rc
102.02.05 12:53 B C:\Documents and Settings\Lijun Yin\My Documents\Temp\kingimage\kingimageDoc.cpp <-- shanghai.fortune.binghamton.edu /home/jyao/kingimage kingimageDoc.cpp
102.02.05 12:53 B C:\Documents and Settings\Lijun Yin\My Documents\Temp\kingimage\kingimageDoc.h <-- shanghai.fortune.binghamton.edu /home/jyao/kingimage kingimageDoc.h
102.02.05 12:53 B C:\Documents and Settings\Lijun Yin\My Documents\Temp\kingimage\kingimageView.cpp <-- shanghai.fortune.binghamton.edu /home/jyao/kingimage kingimageView.cpp
102.02.05 12:53 B C:\Documents and Settings\Lijun Yin\My Documents\Temp\kingimage\kingimageView.h <-- shanghai.fortune.binghamton.edu /home/jyao/kingimage kingimageView.h
102.02.05 12:53 B C:\Documents and Settings\Lijun Yin\My Documents\Temp\kingimage\kingtools.dll <-- shanghai.fortune.binghamton.edu /home/jyao/kingimage kingtools.dll
102.02.05 12:53 B C:\Documents and Settings\Lijun Yin\My Documents\Temp\kingimage\kingtools.lib <-- shanghai.fortune.binghamton.edu /home/jyao/kingimage kingtools.lib
102.02.05 12:53 B C:\Documents and Settings\Lijun Yin\My Documents\Temp\kingimage\picture.cpp <-- shanghai.fortune.binghamton.edu /home/jyao/kingimage picture.cpp
102.02.05 12:53 B C:\Documents and Settings\Lijun Yin\My Documents\Temp\kingimage\picture.h <-- shanghai.fortune.binghamton.edu /home/jyao/kingimage picture.h
102.02.05 12:53 B C:\Documents and Settings\Lijun Yin\My Documents\Temp\kingimage\why.cpp <-- shanghai.fortune.binghamton.edu /home/jyao/kingimage why.cpp
103.09.16 21:14 B C:\Users\Lijun\CS555\SampleProgram\Winsample2003\cs555handout.pdf --> cs.binghamton.edu /home2/faculty/lijun/public_html/CS555/SampleProgram/Winsample2003 cs555handout.pdf
